[    0.000000] Initializing cgroup subsys cpuset
[    0.000000] Initializing cgroup subsys cpu
[    0.000000] Initializing cgroup subsys cpuacct
[    0.000000] Linux version 4.4.0-157-generic (buildd@lgw01-amd64-037) (gcc version 5.4.0 20160609 (Ubuntu 5.4.0-6ubuntu1~16.04.10) ) #185-Ubuntu SMP Tue Jul 23 09:17:01 UTC 2019 (Ubuntu 4.4.0-157.185-generic 4.4.181)
[    0.000000] Command line: BOOT_IMAGE=/boot/vmlinuz-4.4.0-157-generic root=LABEL=cloudimg-rootfs ro console=tty1 console=ttyS0
[    0.000000] KERNEL supported cpus:
[    0.000000]   Intel GenuineIntel
[    0.000000]   AMD AuthenticAMD
[    0.000000]   Centaur CentaurHauls
[    0.000000] x86/fpu: xstate_offset[2]:  576, xstate_sizes[2]:  256
[    0.000000] x86/fpu: Supporting XSAVE feature 0x01: 'x87 floating point registers'
[    0.000000] x86/fpu: Supporting XSAVE feature 0x02: 'SSE registers'
[    0.000000] x86/fpu: Supporting XSAVE feature 0x04: 'AVX registers'
[    0.000000] x86/fpu: Enabled xstate features 0x7, context size is 832 bytes, using 'standard' format.
[    0.000000] e820: BIOS-provided physical RAM map:
[    0.000000] BIOS-e820: [mem 0x0000000000000000-0x000000000009fbff] usable
[    0.000000] BIOS-e820: [mem 0x000000000009fc00-0x000000000009ffff] reserved
[    0.000000] BIOS-e820: [mem 0x00000000000f0000-0x00000000000fffff] reserved
[    0.000000] BIOS-e820: [mem 0x0000000000100000-0x000000003ffeffff] usable
[    0.000000] BIOS-e820: [mem 0x000000003fff0000-0x000000003fffffff] ACPI data
[    0.000000] BIOS-e820: [mem 0x00000000fec00000-0x00000000fec00fff] reserved
[    0.000000] BIOS-e820: [mem 0x00000000fee00000-0x00000000fee00fff] reserved
[    0.000000] BIOS-e820: [mem 0x00000000fffc0000-0x00000000ffffffff] reserved
[    0.000000] NX (Execute Disable) protection: active
[    0.000000] SMBIOS 2.5 present.
[    0.000000] Hypervisor detected: KVM
[    0.000000] e820: last_pfn = 0x3fff0 max_arch_pfn = 0x400000000
[    0.000000] MTRR: Disabled
[    0.000000] x86/PAT: MTRRs disabled, skipping PAT initialization too.
[    0.000000] CPU MTRRs all blank - virtualized system.
[    0.000000] x86/PAT: Configuration [0-7]: WB  WT  UC- UC  WB  WT  UC- UC  
[    0.000000] found SMP MP-table at [mem 0x0009fff0-0x0009ffff] mapped at [ffff88000009fff0]
[    0.000000] Scanning 1 areas for low memory corruption
[    0.000000] RAMDISK: [mem 0x362fc000-0x37175fff]
[    0.000000] ACPI: Early table checksum verification disabled
[    0.000000] ACPI: RSDP 0x00000000000E0000 000024 (v02 VBOX  )
[    0.000000] ACPI: XSDT 0x000000003FFF0030 00003C (v01 VBOX   VBOXXSDT 00000001 ASL  00000061)
[    0.000000] ACPI: FACP 0x000000003FFF00F0 0000F4 (v04 VBOX   VBOXFACP 00000001 ASL  00000061)
[    0.000000] ACPI: DSDT 0x000000003FFF0470 0022EA (v02 VBOX   VBOXBIOS 00000002 INTL 20100528)
[    0.000000] ACPI: FACS 0x000000003FFF0200 000040
[    0.000000] ACPI: FACS 0x000000003FFF0200 000040
[    0.000000] ACPI: APIC 0x000000003FFF0240 00005C (v02 VBOX   VBOXAPIC 00000001 ASL  00000061)
[    0.000000] ACPI: SSDT 0x000000003FFF02A0 0001CC (v01 VBOX   VBOXCPUT 00000002 INTL 20100528)
[    0.000000] No NUMA configuration found
[    0.000000] Faking a node at [mem 0x0000000000000000-0x000000003ffeffff]
[    0.000000] NODE_DATA(0) allocated [mem 0x3ffeb000-0x3ffeffff]
[    0.000000] kvm-clock: Using msrs 4b564d01 and 4b564d00
[    0.000000] kvm-clock: cpu 0, msr 0:3ffe3001, primary cpu clock
[    0.000000] kvm-clock: using sched offset of 3627703128 cycles
[    0.000000] clocksource: kvm-clock: mask: 0xffffffffffffffff max_cycles: 0x1cd42e4dffb, max_idle_ns: 881590591483 ns
[    0.000000] Zone ranges:
[    0.000000]   DMA      [mem 0x0000000000001000-0x0000000000ffffff]
[    0.000000]   DMA32    [mem 0x0000000001000000-0x000000003ffeffff]
[    0.000000]   Normal   empty
[    0.000000]   Device   empty
[    0.000000] Movable zone start for each node
[    0.000000] Early memory node ranges
[    0.000000]   node   0: [mem 0x0000000000001000-0x000000000009efff]
[    0.000000]   node   0: [mem 0x0000000000100000-0x000000003ffeffff]
[    0.000000] Initmem setup node 0 [mem 0x0000000000001000-0x000000003ffeffff]
[    0.000000] ACPI: PM-Timer IO Port: 0x4008
[    0.000000] IOAPIC[0]: apic_id 2, version 32, address 0xfec00000, GSI 0-23
[    0.000000] ACPI: INT_SRC_OVR (bus 0 bus_irq 0 global_irq 2 dfl dfl)
[    0.000000] ACPI: INT_SRC_OVR (bus 0 bus_irq 9 global_irq 9 low level)
[    0.000000] Using ACPI (MADT) for SMP configuration information
[    0.000000] smpboot: Allowing 2 CPUs, 0 hotplug CPUs
[    0.000000] PM: Registered nosave memory: [mem 0x00000000-0x00000fff]
[    0.000000] PM: Registered nosave memory: [mem 0x0009f000-0x0009ffff]
[    0.000000] PM: Registered nosave memory: [mem 0x000a0000-0x000effff]
[    0.000000] PM: Registered nosave memory: [mem 0x000f0000-0x000fffff]
[    0.000000] e820: [mem 0x40000000-0xfebfffff] available for PCI devices
[    0.000000] Booting paravirtualized kernel on KVM
[    0.000000] clocksource: refined-jiffies: mask: 0xffffffff max_cycles: 0xffffffff, max_idle_ns: 7645519600211568 ns
[    0.000000] setup_percpu: NR_CPUS:512 nr_cpumask_bits:512 nr_cpu_ids:2 nr_node_ids:1
[    0.000000] PERCPU: Embedded 34 pages/cpu @ffff88003fc00000 s99544 r8192 d31528 u1048576
[    0.000000] Built 1 zonelists in Node order, mobility grouping on.  Total pages: 257912
[    0.000000] Policy zone: DMA32
[    0.000000] Kernel command line: BOOT_IMAGE=/boot/vmlinuz-4.4.0-157-generic root=LABEL=cloudimg-rootfs ro console=tty1 console=ttyS0
[    0.000000] PID hash table entries: 4096 (order: 3, 32768 bytes)
[    0.000000] Memory: 997736K/1048120K available (8618K kernel code, 1335K rwdata, 4032K rodata, 1484K init, 1284K bss, 50384K reserved, 0K cma-reserved)
[    0.000000] SLUB: HWalign=64, Order=0-3, MinObjects=0, CPUs=2, Nodes=1
[    0.000000] Kernel/User page tables isolation: enabled
[    0.000000] Hierarchical RCU implementation.
[    0.000000] 	Build-time adjustment of leaf fanout to 64.
[    0.000000] 	RCU restricting CPUs from NR_CPUS=512 to nr_cpu_ids=2.
[    0.000000] RCU: Adjusting geometry for rcu_fanout_leaf=64, nr_cpu_ids=2
[    0.000000] NR_IRQS:33024 nr_irqs:440 16
[    0.000000] Console: colour VGA+ 80x25
[    0.000000] console [tty1] enabled
[    0.000000] console [ttyS0] enabled
[    0.000000] tsc: Detected 2711.996 MHz processor
[    0.208529] Calibrating delay loop (skipped) preset value.. 5423.99 BogoMIPS (lpj=10847984)
[    0.210873] pid_max: default: 32768 minimum: 301
[    0.212281] ACPI: Core revision 20150930
[    0.215338] ACPI: 2 ACPI AML tables successfully acquired and loaded
[    0.217160] Security Framework initialized
[    0.218388] Yama: becoming mindful.
[    0.219464] AppArmor: AppArmor initialized
[    0.220765] Dentry cache hash table entries: 131072 (order: 8, 1048576 bytes)
[    0.225743] Inode-cache hash table entries: 65536 (order: 7, 524288 bytes)
[    0.227795] Mount-cache hash table entries: 2048 (order: 2, 16384 bytes)
[    0.229503] Mountpoint-cache hash table entries: 2048 (order: 2, 16384 bytes)
[    0.232550] Initializing cgroup subsys io
[    0.234555] Initializing cgroup subsys memory
[    0.236502] Initializing cgroup subsys devices
[    0.238282] Initializing cgroup subsys freezer
[    0.241133] Initializing cgroup subsys net_cls
[    0.242981] Initializing cgroup subsys perf_event
[    0.244740] Initializing cgroup subsys net_prio
[    0.246106] Initializing cgroup subsys hugetlb
[    0.248487] Initializing cgroup subsys pids
[    0.251194] mce: CPU supports 0 MCE banks
[    0.253791] Last level iTLB entries: 4KB 64, 2MB 8, 4MB 8
[    0.255155] Last level dTLB entries: 4KB 64, 2MB 0, 4MB 0, 1GB 4
[    0.256606] Spectre V2 : Mitigation: Full generic retpoline
[    0.257927] Spectre V2 : Spectre v2 / SpectreRSB mitigation: Filling RSB on context switch
[    0.260229] Speculative Store Bypass: Vulnerable
[    0.261611] MDS: Vulnerable: Clear CPU buffers attempted, no microcode
[    0.266964] Freeing SMP alternatives memory: 36K
[    0.275580] ftrace: allocating 32312 entries in 127 pages
[    0.351792] smpboot: APIC(0) Converting physical 0 to logical package 0
[    0.353641] smpboot: Max logical packages: 1
[    0.355274] x2apic enabled
[    0.356956] Switched APIC routing to physical x2apic.
[    0.361345] ..TIMER: vector=0x30 apic1=0 pin1=2 apic2=-1 pin2=-1
[    0.472421] smpboot: CPU0: Intel(R) Core(TM) i5-7200U CPU @ 2.50GHz (family: 0x6, model: 0x8e, stepping: 0x9)
[    0.475699] Performance Events: unsupported p6 CPU model 142 no PMU driver, software events only.
[    0.490621] KVM setup paravirtual spinlock
[    0.492861] x86: Booting SMP configuration:
[    0.494397] .... node  #0, CPUs:      #1
[    0.495574] kvm-clock: cpu 1, msr 0:3ffe3041, secondary cpu clock
[    0.497700] mce: CPU supports 0 MCE banks
[    0.500320] x86: Booted up 1 node, 2 CPUs
[    0.501769] smpboot: Total of 2 processors activated (10847.98 BogoMIPS)
[    0.504103] devtmpfs: initialized
[    0.506984] evm: security.selinux
[    0.508010] evm: security.SMACK64
[    0.509052] evm: security.SMACK64EXEC
[    0.510137] evm: security.SMACK64TRANSMUTE
[    0.511337] evm: security.SMACK64MMAP
[    0.512462] evm: security.ima
[    0.513478] evm: security.capability
[    0.514823] clocksource: jiffies: mask: 0xffffffff max_cycles: 0xffffffff, max_idle_ns: 7645041785100000 ns
[    0.517763] futex hash table entries: 512 (order: 3, 32768 bytes)
[    0.519539] pinctrl core: initialized pinctrl subsystem
[    0.521045] RTC time: 10:29:33, date: 08/21/19
[    0.522587] NET: Registered protocol family 16
[    0.533057] cpuidle: using governor ladder
[    0.545481] cpuidle: using governor menu
[    0.546833] PCCT header not found.
[    0.547952] ACPI: bus type PCI registered
[    0.549210] acpiphp: ACPI Hot Plug PCI Controller Driver version: 0.5
[    0.550982] PCI: Using configuration type 1 for base access
[    0.566905] ACPI: Added _OSI(Module Device)
[    0.568117] ACPI: Added _OSI(Processor Device)
[    0.569423] ACPI: Added _OSI(3.0 _SCP Extensions)
[    0.570765] ACPI: Added _OSI(Processor Aggregator Device)
[    0.572937] ACPI: Executed 1 blocks of module-level executable AML code
[    0.577404] ACPI: Interpreter enabled
[    0.578546] ACPI: (supports S0 S5)
[    0.579590] ACPI: Using IOAPIC for interrupt routing
[    0.581154] PCI: Using host bridge windows from ACPI; if necessary, use "pci=nocrs" and report a bug
[    0.587886] ACPI: PCI Root Bridge [PCI0] (domain 0000 [bus 00-ff])
[    0.589556] acpi PNP0A03:00: _OSC: OS supports [ASPM ClockPM Segments MSI]
[    0.591685] acpi PNP0A03:00: _OSC: not requesting OS control; OS requires [ExtendedConfig ASPM ClockPM MSI]
[    0.594409] acpi PNP0A03:00: fail to add MMCONFIG information, can't access extended PCI configuration space under this bridge.
[    0.597930] PCI host bridge to bus 0000:00
[    0.599123] pci_bus 0000:00: root bus resource [io  0x0000-0x0cf7 window]
[    0.600998] pci_bus 0000:00: root bus resource [io  0x0d00-0xffff window]
[    0.602727] pci_bus 0000:00: root bus resource [mem 0x000a0000-0x000bffff window]
[    0.604923] pci_bus 0000:00: root bus resource [mem 0x40000000-0xfdffffff window]
[    0.607106] pci_bus 0000:00: root bus resource [bus 00-ff]
[    0.610833] pci 0000:00:01.1: legacy IDE quirk: reg 0x10: [io  0x01f0-0x01f7]
[    0.612699] pci 0000:00:01.1: legacy IDE quirk: reg 0x14: [io  0x03f6]
[    0.614323] pci 0000:00:01.1: legacy IDE quirk: reg 0x18: [io  0x0170-0x0177]
[    0.616132] pci 0000:00:01.1: legacy IDE quirk: reg 0x1c: [io  0x0376]
[    0.639729] pci 0000:00:07.0: quirk: [io  0x4000-0x403f] claimed by PIIX4 ACPI
[    0.658394] pci 0000:00:07.0: quirk: [io  0x4100-0x410f] claimed by PIIX4 SMB
[    0.675039] ACPI: PCI Interrupt Link [LNKA] (IRQs 5 9 10 *11)
[    0.677598] ACPI: PCI Interrupt Link [LNKB] (IRQs 5 9 *10 11)
[    0.679942] ACPI: PCI Interrupt Link [LNKC] (IRQs 5 *9 10 11)
[    0.682330] ACPI: PCI Interrupt Link [LNKD] (IRQs 5 9 10 *11)
[    0.684715] ACPI: Enabled 2 GPEs in block 00 to 07
[    0.686696] vgaarb: setting as boot device: PCI:0000:00:02.0
[    0.688237] vgaarb: device added: PCI:0000:00:02.0,decodes=io+mem,owns=io+mem,locks=none
[    0.690565] vgaarb: loaded
[    0.691497] vgaarb: bridge control possible 0000:00:02.0
[    0.693215] SCSI subsystem initialized
[    0.694606] ACPI: bus type USB registered
[    0.695772] usbcore: registered new interface driver usbfs
[    0.697445] usbcore: registered new interface driver hub
[    0.699683] usbcore: registered new device driver usb
[    0.701695] PCI: Using ACPI for IRQ routing
[    0.703333] NetLabel: Initializing
[    0.704374] NetLabel:  domain hash size = 128
[    0.705992] NetLabel:  protocols = UNLABELED CIPSOv4
[    0.710870] NetLabel:  unlabeled traffic allowed by default
[    0.712583] amd_nb: Cannot enumerate AMD northbridges
[    0.714096] clocksource: Switched to clocksource kvm-clock
[    0.728212] AppArmor: AppArmor Filesystem Enabled
[    0.729713] pnp: PnP ACPI init
[    0.731678] pnp: PnP ACPI: found 3 devices
[    0.744953] clocksource: acpi_pm: mask: 0xffffff max_cycles: 0xffffff, max_idle_ns: 2085701024 ns
[    0.747598] NET: Registered protocol family 2
[    0.749009] TCP established hash table entries: 8192 (order: 4, 65536 bytes)
[    0.751050] TCP bind hash table entries: 8192 (order: 5, 131072 bytes)
[    0.752737] TCP: Hash tables configured (established 8192 bind 8192)
[    0.754465] UDP hash table entries: 512 (order: 2, 16384 bytes)
[    0.756236] UDP-Lite hash table entries: 512 (order: 2, 16384 bytes)
[    0.757904] NET: Registered protocol family 1
[    0.759263] pci 0000:00:00.0: Limiting direct PCI/PCI transfers
[    0.760888] pci 0000:00:01.0: Activating ISA DMA hang workarounds
[    0.762653] Unpacking initramfs...
[    1.042736] Freeing initrd memory: 14824K
[    1.044097] clocksource: tsc: mask: 0xffffffffffffffff max_cycles: 0x271782d3887, max_idle_ns: 440795314643 ns
[    1.046899] platform rtc_cmos: registered platform RTC device (no PNP device found)
[    1.049105] Scanning for low memory corruption every 60 seconds
[    1.051063] audit: initializing netlink subsys (disabled)
[    1.052478] audit: type=2000 audit(1566383378.707:1): initialized
[    1.054608] Initialise system trusted keyring
[    1.056185] HugeTLB registered 2 MB page size, pre-allocated 0 pages
[    1.059353] zbud: loaded
[    1.060657] VFS: Disk quotas dquot_6.6.0
[    1.061837] VFS: Dquot-cache hash table entries: 512 (order 0, 4096 bytes)
[    1.063872] squashfs: version 4.0 (2009/01/31) Phillip Lougher
[    1.065794] fuse init (API version 7.23)
[    1.067171] Key type big_key registered
[    1.068319] Allocating IMA MOK and blacklist keyrings.
[    1.071127] Key type asymmetric registered
[    1.072302] Asymmetric key parser 'x509' registered
[    1.073682] Block layer SCSI generic (bsg) driver version 0.4 loaded (major 249)
[    1.075961] io scheduler noop registered
[    1.077148] io scheduler deadline registered (default)
[    1.078809] io scheduler cfq registered
[    1.080508] pci_hotplug: PCI Hot Plug PCI Core version: 0.5
[    1.082311] pciehp: PCI Express Hot Plug Controller Driver version: 0.4
[    1.084463] ACPI: AC Adapter [AC] (on-line)
[    1.086220] input: Power Button as /devices/LNXSYSTM:00/LNXPWRBN:00/input/input0
[    1.089154] ACPI: Power Button [PWRF]
[    1.090397] input: Sleep Button as /devices/LNXSYSTM:00/LNXSLPBN:00/input/input1
[    1.092529] ACPI: Sleep Button [SLPF]
[    1.094598] ACPI: Battery Slot [BAT0] (battery present)
[    1.096104] GHES: HEST is not enabled!
[    1.097355] Serial: 8250/16550 driver, 32 ports, IRQ sharing enabled
[    1.120229] 00:02: ttyS0 at I/O 0x3f8 (irq = 4, base_baud = 115200) is a 16550A
[    1.123558] Linux agpgart interface v0.103
[    1.126678] loop: module loaded
[    1.128399] scsi host0: ata_piix
[    1.129607] scsi host1: ata_piix
[    1.130681] ata1: PATA max UDMA/33 cmd 0x1f0 ctl 0x3f6 bmdma 0xd000 irq 14
[    1.132505] ata2: PATA max UDMA/33 cmd 0x170 ctl 0x376 bmdma 0xd008 irq 15
[    1.134312] libphy: Fixed MDIO Bus: probed
[    1.135739] tun: Universal TUN/TAP device driver, 1.6
[    1.137113] tun: (C) 1999-2004 Max Krasnyansky <maxk@qualcomm.com>
[    1.138839] PPP generic driver version 2.4.2
[    1.140143] ehci_hcd: USB 2.0 'Enhanced' Host Controller (EHCI) Driver
[    1.141839] ehci-pci: EHCI PCI platform driver
[    1.143072] ehci-platform: EHCI generic platform driver
[    1.144366] ohci_hcd: USB 1.1 'Open' Host Controller (OHCI) Driver
[    1.145800] ohci-pci: OHCI PCI platform driver
[    1.146961] ohci-platform: OHCI generic platform driver
[    1.148280] uhci_hcd: USB Universal Host Controller Interface driver
[    1.149851] i8042: PNP: PS/2 Controller [PNP0303:PS2K,PNP0f03:PS2M] at 0x60,0x64 irq 1,12
[    1.152462] serio: i8042 KBD port at 0x60,0x64 irq 1
[    1.153704] serio: i8042 AUX port at 0x60,0x64 irq 12
[    1.155229] mousedev: PS/2 mouse device common for all mice
[    1.157142] rtc_cmos rtc_cmos: rtc core: registered rtc_cmos as rtc0
[    1.158714] input: AT Translated Set 2 keyboard as /devices/platform/i8042/serio0/input/input2
[    1.158741] rtc_cmos rtc_cmos: alarms up to one day, 114 bytes nvram
[    1.158753] i2c /dev entries driver
[    1.158850] device-mapper: uevent: version 1.0.3
[    1.162445] device-mapper: ioctl: 4.34.0-ioctl (2015-10-28) initialised: dm-devel@redhat.com
[    1.162469] ledtrig-cpu: registered to indicate activity on CPUs
[    1.162927] NET: Registered protocol family 10
[    1.163099] NET: Registered protocol family 17
[    1.163108] Key type dns_resolver registered
[    1.163494] registered taskstats version 1
[    1.163511] Loading compiled-in X.509 certificates
[    1.164048] Loaded X.509 cert 'Build time autogenerated kernel key: 3e01e6df98386236d59670e6b2ed19a044d5324e'
[    1.164064] zswap: loaded using pool lzo/zbud
[    1.165679] Key type trusted registered
[    1.168352] Key type encrypted registered
[    1.168357] AppArmor: AppArmor sha1 policy hashing enabled
[    1.168361] ima: No TPM chip found, activating TPM-bypass!
[    1.168365] ima: Allocated hash algorithm: sha1
[    1.168377] evm: HMAC attrs: 0x1
[    1.168729]   Magic number: 15:575:477
[    1.170875] rtc_cmos rtc_cmos: setting system clock to 2019-08-21 10:29:33 UTC (1566383373)
[    1.170999] BIOS EDD facility v0.16 2004-Jun-25, 0 devices found
[    1.170999] EDD information not available.
[    1.347419] Freeing unused kernel memory: 1484K
[    1.349912] Write protecting the kernel read-only data: 14336k
[    1.354034] Freeing unused kernel memory: 1612K
[    1.357282] Freeing unused kernel memory: 64K
Loading, please wait...
starting version 229
[    1.388937] random: systemd-udevd: uninitialized urandom read (16 bytes read, 3 bits of entropy available)
[    1.389375] random: udevadm: uninitialized urandom read (16 bytes read, 3 bits of entropy available)
[    1.389400] random: udevadm: uninitialized urandom read (16 bytes read, 3 bits of entropy available)
[    1.399535] random: udevadm: uninitialized urandom read (16 bytes read, 3 bits of entropy available)
[    1.399579] random: udevadm: uninitialized urandom read (16 bytes read, 3 bits of entropy available)
[    1.399725] random: udevadm: uninitialized urandom read (16 bytes read, 3 bits of entropy available)
[    1.399778] random: udevadm: uninitialized urandom read (16 bytes read, 3 bits of entropy available)
[    1.399829] random: udevadm: uninitialized urandom read (16 bytes read, 3 bits of entropy available)
[    1.399882] random: udevadm: uninitialized urandom read (16 bytes read, 3 bits of entropy available)
[    1.399931] random: udevadm: uninitialized urandom read (16 bytes read, 3 bits of entropy available)
[    1.449910] e1000: Intel(R) PRO/1000 Network Driver - version 7.3.21-k8-NAPI
[    1.452841] e1000: Copyright (c) 1999-2006 Intel Corporation.
[    1.457009] Fusion MPT base driver 3.04.20
[    1.458692] Copyright (c) 1999-2008 LSI Corporation
[    1.472521] Fusion MPT SPI Host driver 3.04.20
[    1.495433] AVX2 version of gcm_enc/dec engaged.
[    1.496707] AES CTR mode by8 optimization enabled
[    1.674899] input: ImExPS/2 Generic Explorer Mouse as /devices/platform/i8042/serio1/input/input4
[    1.871684] e1000 0000:00:03.0 eth0: (PCI:33MHz:32-bit) 02:c2:66:bb:16:6d
[    1.873337] e1000 0000:00:03.0 eth0: Intel(R) PRO/1000 Network Connection
[    2.290879] e1000 0000:00:08.0 eth1: (PCI:33MHz:32-bit) 08:00:27:e6:54:c9
[    2.292567] e1000 0000:00:08.0 eth1: Intel(R) PRO/1000 Network Connection
[    2.295010] mptbase: ioc0: Initiating bringup
[    2.297215] e1000 0000:00:03.0 enp0s3: renamed from eth0
[    2.314883] e1000 0000:00:08.0 enp0s8: renamed from eth1
[    2.358450] ioc0: LSI53C1030 A0: Capabilities={Initiator}
[    2.531161] scsi host2: ioc0: LSI53C1030 A0, FwRev=00000000h, Ports=1, MaxQ=256, IRQ=20
[    2.647620] scsi 2:0:0:0: Direct-Access     VBOX     HARDDISK         1.0  PQ: 0 ANSI: 5
[    2.652506] scsi target2:0:0: Beginning Domain Validation
[    2.659916] scsi target2:0:0: Domain Validation skipping write tests
[    2.663097] scsi target2:0:0: Ending Domain Validation
[    2.666476] scsi target2:0:0: asynchronous
[    2.670753] scsi 2:0:1:0: Direct-Access     VBOX     HARDDISK         1.0  PQ: 0 ANSI: 5
[    2.675700] scsi target2:0:1: Beginning Domain Validation
[    2.682101] scsi target2:0:1: Domain Validation skipping write tests
[    2.683846] scsi target2:0:1: Ending Domain Validation
[    2.700856] scsi target2:0:1: asynchronous
[    2.711644] sd 2:0:0:0: Attached scsi generic sg0 type 0
[    2.713580] sd 2:0:0:0: [sda] 20971520 512-byte logical blocks: (10.7 GB/10.0 GiB)
[    2.718292] sd 2:0:1:0: [sdb] 20480 512-byte logical blocks: (10.5 MB/10.0 MiB)
[    2.718438] sd 2:0:1:0: Attached scsi generic sg1 type 0
[    2.722656] sd 2:0:0:0: [sda] Write Protect is off
[    2.724948] sd 2:0:1:0: [sdb] Write Protect is off
[    2.726711] sd 2:0:0:0: [sda] Incomplete mode parameter data
[    2.728384] sd 2:0:0:0: [sda] Assuming drive cache: write through
[    2.730124] sd 2:0:1:0: [sdb] Incomplete mode parameter data
[    2.731629] sd 2:0:1:0: [sdb] Assuming drive cache: write through
[    2.743224]  sda: sda1
[    2.746255] sd 2:0:0:0: [sda] Attached SCSI disk
[    2.748086] sd 2:0:1:0: [sdb] Attached SCSI disk
Begin: Loading essential drivers ... [    4.312316] md: linear personality registered for level -1
[    4.317930] md: multipath personality registered for level -4
[    4.322184] md: raid0 personality registered for level 0
[    4.328045] md: raid1 personality registered for level 1
[    4.402342] raid6: sse2x1   gen()  9955 MB/s
[    4.470214] raid6: sse2x1   xor()  6694 MB/s
[    4.538501] raid6: sse2x2   gen() 10972 MB/s
[    4.606322] raid6: sse2x2   xor()  8860 MB/s
[    4.674145] raid6: sse2x4   gen() 13958 MB/s
[    4.742445] raid6: sse2x4   xor()  9719 MB/s
[    4.810275] raid6: avx2x1   gen() 20315 MB/s
[    4.878179] raid6: avx2x2   gen() 21846 MB/s
[    4.946457] raid6: avx2x4   gen() 25912 MB/s
[    4.947748] raid6: using algorithm avx2x4 gen() 25912 MB/s
[    4.949272] raid6: using avx2x2 recovery algorithm
[    4.952225] xor: automatically using best checksumming function:
[    4.990910]    avx       : 26170.000 MB/sec
[    4.993510] async_tx: api initialized (async)
[    5.005926] md: raid6 personality registered for level 6
[    5.007490] md: raid5 personality registered for level 5
[    5.008767] md: raid4 personality registered for level 4
[    5.017049] md: raid10 personality registered for level 10
done.
Begin: Running /scripts/init-premount ... done.
Begin: Mounting root file system ... Begin: Running /scripts/local-top ... done.
Begin: Running /scripts/local-premount ... [    5.052305] Btrfs loaded
Scanning for Btrfs filesystems
done.
Warning: fsck not present, so skipping root file system
[    5.092780] EXT4-fs (sda1): mounted filesystem with ordered data mode. Opts: (null)
done.
Begin: Running /scripts/local-bottom ... done.
Begin: Running /scripts/init-bottom ... done.
[    5.240583] systemd[1]: systemd 229 running in system mode. (+PAM +AUDIT +SELINUX +IMA +APPARMOR +SMACK +SYSVINIT +UTMP +LIBCRYPTSETUP +GCRYPT +GNUTLS +ACL +XZ -LZ4 +SECCOMP +BLKID +ELFUTILS +KMOD -IDN)
[    5.245202] systemd[1]: Detected virtualization oracle.
[    5.246480] systemd[1]: Detected architecture x86-64.

Welcome to [1mUbuntu 16.04.6 LTS[0m!

[    5.260219] systemd[1]: Set hostname to <ubuntu>.
[    5.265090] systemd[1]: Initializing machine ID from random generator.
[    5.267214] systemd[1]: Installed transient /etc/machine-id file.
[    5.433381] systemd[1]: Listening on Device-mapper event daemon FIFOs.
[[0;32m  OK  [0m] Listening on Device-mapper event daemon FIFOs.
[    5.436659] systemd[1]: Created slice User and Session Slice.
[[0;32m  OK  [0m] Created slice User and Session Slice.
[    5.439217] systemd[1]: Reached target User and Group Name Lookups.
[[0;32m  OK  [0m] Reached target User and Group Name Lookups.
[    5.442148] systemd[1]: Listening on Journal Socket.
[[0;32m  OK  [0m] Listening on Journal Socket.
[    5.444396] systemd[1]: Reached target Encrypted Volumes.
[[0;32m  OK  [0m] Reached target Encrypted Volumes.
[    5.446901] systemd[1]: Listening on udev Kernel Socket.
[[0;32m  OK  [0m] Listening on udev Kernel Socket.
[    5.449261] systemd[1]: Started Forward Password Requests to Wall Directory Watch.
[[0;32m  OK  [0m] Started Forward Password Requests to Wall Directory Watch.
[    5.452916] systemd[1]: Created slice System Slice.
[[0;32m  OK  [0m] Created slice System Slice.
[    5.471152] systemd[1]: Starting Remount Root and Kernel File Systems...
         Starting Remount Root and Kernel File Systems...
[    5.476719] systemd[1]: Mounting Debug File System...
         Mounting Debug File System...
[    5.479766] EXT4-fs (sda1): re-mounted. Opts: (null)
[    5.480483] systemd[1]: Mounting POSIX Message Queue File System...
         Mounting POSIX Message Queue File System...
[    5.488991] systemd[1]: Starting Load Kernel Modules...
         Starting Load Kernel Modules...
[    5.492866] systemd[1]: Starting Nameserver information manager...
         Starting Nameserver information manager...
[    5.496498] systemd[1]: Starting Uncomplicated firewall...
         Starting Uncomplicated firewall...
[    5.499482] systemd[1]: Reached target Slices.
[[0;32m  OK  [0m] Reached target Slices.
[    5.502368] systemd[1]: Listening on udev Control Socket.
[[0;32m  OK  [0m] Listening on udev Control Socket.
[    5.506086] systemd[1]: Listening on LVM2 poll daemon socket.
[    5.508598] Loading iSCSI transport class v2.0-870.
[[0;32m  OK  [0m] Listening on LVM2 poll daemon socket.
[    5.518820] systemd[1]: Reached target System Time Synchronized.
[    5.518860] iscsi: registered transport (tcp)
[[0;32m  OK  [0m] Reached target System Time Synchronized.
[    5.526014] systemd[1]: Mounting Huge Pages File System...
         Mounting Huge Pages File System...
[    5.531157] systemd[1]: Set up automount Arbitrary Executable File Formats File System Automount Point.
[[0;32m  OK  [0m] Set up automount Arbitrary Executab...ats File System Automount Point.
[    5.537782] systemd[1]: Reached target Swap.
[[0;32m  OK  [0m] Reached target Swap.
[    5.541147] systemd[1]: Created slice system-serial\x2dgetty.slice.
[[0;32m  OK  [0m] Created slice system-serial\x2dgetty.slice.
[    5.545495] systemd[1]: Listening on LVM2 metadata daemon socket.
[[0;32m  OK  [0m] Listening on LVM2 metadata daemon socket.
[    5.566256] systemd[1]: Starting Monitoring of LVM2 mirrors, snapshots etc. using dmeventd or progress polling...
         Starting Monitoring of LVM2 mirrors... dmeventd or progress polling...
[    5.570517] systemd[1]: Listening on Syslog Socket.
[[0;32m  OK  [0m] Listening on Syslog Socket.
[    5.573200] systemd[1]: Started Trigger resolvconf update for networkd DNS.
[    5.573292] iscsi: registered transport (iser)
[[0;32m  OK  [0m] Started Trigger resolvconf update for networkd DNS.
[    5.578059] systemd[1]: Listening on Journal Audit Socket.
[[0;32m  OK  [0m] Listening on Journal Audit Socket.
[    5.581152] systemd[1]: Listening on Journal Socket (/dev/log).
[[0;32m  OK  [0m] Listening on Journal Socket (/dev/log).
[    5.588233] systemd[1]: Starting Journal Service...
         Starting Journal Service...
[    5.593295] systemd[1]: Starting Set console keymap...
         Starting Set console keymap...
[    5.597171] systemd[1]: Listening on /dev/initctl Compatibility Named Pipe.
[[0;32m  OK  [0m] Listening on /dev/initctl Compatibility Named Pipe.
[    5.604763] systemd[1]: Starting Create list of required static device nodes for the current kernel...
         Starting Create list of required st... nodes for the current kernel...
[    5.612740] systemd[1]: Mounted Huge Pages File System.
[[0;32m  OK  [0m] Mounted Huge Pages File System.
[    5.616110] systemd[1]: Mounted Debug File System.
[[0;32m  OK  [0m] Mounted Debug File System.
[    5.621489] systemd[1]: Mounted POSIX Message Queue File System.
[[0;32m  OK  [0m] Mounted POSIX Message Queue File System.
[    5.626128] systemd[1]: Started Remount Root and Kernel File Systems.
[[0;32m  OK  [0m] Started Remount Root and Kernel File Systems.
[    5.634935] systemd[1]: Started Load Kernel Modules.
[[0;32m  OK  [0m] Started Load Kernel Modules.
[    5.638677] systemd[1]: Started Uncomplicated firewall.
[[0;32m  OK  [0m] Started Uncomplicated firewall.
[    5.643044] systemd[1]: Started Create list of required static device nodes for the current kernel.
[[0;32m  OK  [0m] Started Create list of required sta...ce nodes for the current kernel.
[    5.650150] systemd[1]: Started Nameserver information manager.
[[0;32m  OK  [0m] Started Nameserver information manager.
[    5.657167] systemd[1]: Started Journal Service.
[[0;32m  OK  [0m] Started Journal Service.
[[0;32m  OK  [0m] Started Set console keymap.
[[0;32m  OK  [0m] Started LVM2 metadata daemon.
         Starting Create Static Device Nodes in /dev...
         Starting Apply Kernel Variables...
         Mounting FUSE Control File System...
[    5.777384] random: nonblocking pool is initialized
         Starting udev Coldplug all Devices...
         Starting Load/Save Random Seed...
         Starting Flush Journal to Persistent Storage...
[[0;32m  OK  [0m] Mounted FUSE Control File System.
[[0;32m  OK  [0m] Started Create Static Device Nodes in /dev.
[[0;32m  OK  [0m] Started Apply Kernel Variables.
[[0;32m  OK  [0m] Started Load/Save Random Seed.
[[0;32m  OK  [0m] Started udev Coldplug all Devices.
[[0;32m  OK  [0m] Started Flush Journal to Persistent Storage.
         Starting udev Kernel Device Manager...
[[0;32m  OK  [0m] Started udev Kernel Device Manager.
[[0;32m  OK  [0m] Started Dispatch Password Requests to Console Directory Watch.
[[0;32m  OK  [0m] Found device /dev/ttyS0.
[[0;32m  OK  [0m] Listening on Load/Save RF Kill Switch Status /dev/rfkill Watch.
[[0;32m  OK  [0m] Started Monitoring of LVM2 mirrors,...ng dmeventd or progress polling.
[[0;32m  OK  [0m] Reached target Local File Systems (Pre).
[[0;32m  OK  [0m] Reached target Local File Systems.
         Starting Commit a transient machine-id on disk...
         Starting Set console font and keymap...
         Starting Initial cloud-init job (pre-networking)...
         Starting Tell Plymouth To Write Out Runtime Data...
         Starting LSB: AppArmor initialization...
         Starting Create Volatile Files and Directories...
[[0;32m  OK  [0m] Started Commit a transient machine-id on disk.
[[0;32m  OK  [0m] Started Tell Plymouth To Write Out Runtime Data.
[[0;32m  OK  [0m] Started Create Volatile Files and Directories.
         Starting Update UTMP about System Boot/Shutdown...
[[0;32m  OK  [0m] Started Update UTMP about System Boot/Shutdown.
[[0;32m  OK  [0m] Started Set console font and keymap.
[[0;32m  OK  [0m] Created slice system-getty.slice.
[    8.292961] cloud-init[638]: Cloud-init v. 19.1-1-gbaa47854-0ubuntu1~16.04.1 running 'init-local' at Wed, 21 Aug 2019 10:29:40 +0000. Up 7.72 seconds.
[[0;32m  OK  [0m] Started Initial cloud-init job (pre-networking).
[[0;32m  OK  [0m] Reached target Network (Pre).
[[0;32m  OK  [0m] Started LSB: AppArmor initialization.
         Starting Raise network interfaces...
[[0;32m  OK  [0m] Started Raise network interfaces.
[[0;32m  OK  [0m] Reached target Network.
         Starting Initial cloud-init job (metadata service crawler)...
[   10.422887] cloud-init[966]: Cloud-init v. 19.1-1-gbaa47854-0ubuntu1~16.04.1 running 'init' at Wed, 21 Aug 2019 10:29:42 +0000. Up 9.81 seconds.
[   10.424973] cloud-init[966]: ci-info: ++++++++++++++++++++++++++++++++++++++Net device info+++++++++++++++++++++++++++++++++++++++
[   10.426824] cloud-init[966]: ci-info: +--------+-------+----------------------------+---------------+--------+-------------------+
[   10.428605] cloud-init[966]: ci-info: | Device |   Up  |          Address           |      Mask     | Scope  |     Hw-Address    |
[   10.430397] cloud-init[966]: ci-info: +--------+-------+----------------------------+---------------+--------+-------------------+
[   10.440844] cloud-init[966]: ci-info: | enp0s3 |  True |         10.0.2.15          | 255.255.255.0 | global | 02:c2:66:bb:16:6d |
[   10.442861] cloud-init[966]: ci-info: | enp0s3 |  True | fe80::c2:66ff:febb:166d/64 |       .       |  link  | 02:c2:66:bb:16:6d |
[   10.447454] cloud-init[966]: ci-info: | enp0s8 | False |             .              |       .       |   .    | 08:00:27:e6:54:c9 |
[   10.452082] cloud-init[966]: ci-info: |   lo   |  True |         127.0.0.1          |   255.0.0.0   |  host  |         .         |
[   10.454826] cloud-init[966]: ci-info: |   lo   |  True |          ::1/128           |       .       |  host  |         .         |
[   10.457168] cloud-init[966]: ci-info: +--------+-------+----------------------------+---------------+--------+-------------------+
[   10.464841] cloud-init[966]: ci-info: +++++++++++++++++++++++++++Route IPv4 info++++++++++++++++++++++++++++
[   10.467037] cloud-init[966]: ci-info: +-------+-------------+----------+---------------+-----------+-------+
[   10.469346] cloud-init[966]: ci-info: | Route | Destination | Gateway  |    Genmask    | Interface | Flags |
[   10.476569] cloud-init[966]: ci-info: +-------+-------------+----------+---------------+-----------+-------+
[   10.478490] cloud-init[966]: ci-info: |   0   |   0.0.0.0   | 10.0.2.2 |    0.0.0.0    |   enp0s3  |   UG  |
[   10.489375] cloud-init[966]: ci-info: |   1   |   10.0.2.0  | 0.0.0.0  | 255.255.255.0 |   enp0s3  |   U   |
[   10.492216] cloud-init[966]: ci-info: +-------+-------------+----------+---------------+-----------+-------+
[   10.495224] cloud-init[966]: ci-info: +++++++++++++++++++Route IPv6 info+++++++++++++++++++
[   10.497875] cloud-init[966]: ci-info: +-------+-------------+---------+-----------+-------+
[   10.500603] cloud-init[966]: ci-info: | Route | Destination | Gateway | Interface | Flags |
[   10.503283] cloud-init[966]: ci-info: +-------+-------------+---------+-----------+-------+
[   10.505591] cloud-init[966]: ci-info: |   0   |  fe80::/64  |    ::   |   enp0s3  |   U   |
[   10.508439] cloud-init[966]: ci-info: |   3   |   ff00::/8  |    ::   |   enp0s3  |   U   |
[   10.520529] cloud-init[966]: ci-info: +-------+-------------+---------+-----------+-------+
[   10.522276] cloud-init[966]: Generating public/private rsa key pair.
[   10.524441] cloud-init[966]: Your identification has been saved in /etc/ssh/ssh_host_rsa_key.
[   10.526632] cloud-init[966]: Your public key has been saved in /etc/ssh/ssh_host_rsa_key.pub.
[   10.528653] cloud-init[966]: The key fingerprint is:
[   10.530133] cloud-init[966]: SHA256:OnuVPrgD2oJ8Jq2QjKM0gIVZirbdssa94s902OSqCZw root@ubuntu-xenial
[   10.532459] cloud-init[966]: The key's randomart image is:
[   10.534543] cloud-init[966]: +---[RSA 2048]----+
[   10.536489] cloud-init[966]: |  .              |
[   10.538310] cloud-init[966]: |.=               |
[[0;32m  OK  [0m] Started Initial cloud-init job (metadata service crawler).
[[0;32m  OK  [0m] Reached target System Initialization.
         Starting Socket activation for snappy daemon.
[   10.540133] cloud-init[966]: |=..              |
[   10.545232] cloud-init[966]: |o.o .            |
[[0;32m  OK  [0m] Started ACPI Events Check.
[[0;32m  OK  [0m] Reached target Paths.
[[0;32m  OK  [0m] Listening on UUID daemon activation socket.
[[0;32m  OK  [0m] Started Daily Cleanup of Temporary Directories.
[[0;32m  OK  [0m] Listening on ACPID Listen Socket.
[   10.547154] cloud-init[966]: |o. o . .S  .     |
[   10.552465] cloud-init[966]: |=.o + *.  o      |
[   10.552819] cloud-init[966]: |=E * *o= +       |
[   10.553125] cloud-init[966]: |ooB.X =o+ o      |
[   10.553686] cloud-init[966]: |. oO+*...o .     |
[   10.554042] cloud-init[966]: +----[SHA256]-----+
[   10.554625] cloud-init[966]: Generating public/private dsa key pair.
[   10.554976] cloud-init[966]: Your identification has been saved in /etc/ssh/ssh_host_dsa_key.
[   10.555538] cloud-init[966]: Your public key has been saved in /etc/ssh/ssh_host_dsa_key.pub.
[   10.555889] cloud-init[966]: The key fingerprint is:
[   10.556421] cloud-init[966]: SHA256:A517TPEQjr8gUX980os1NIRmxDVwW4ah80OyuQErxAI root@ubuntu-xenial
[   10.557009] cloud-init[966]: The key's randomart image is:
[   10.557417] cloud-init[966]: +---[DSA 1024]----+
[   10.557772] cloud-init[966]: |    E   . ++o=Ooo|
[   10.558336] cloud-init[966]: |     . + = ===.* |
         Starting LXD - unix socket.
[[0;32m  OK  [0m] Listening on D-Bus System Message Bus Socket.
[[0;32m  OK  [0m] Started Daily apt download activities.
[[0;32m  OK  [0m] Started Daily apt upgrade and clean activities.
[[0;32m  OK  [0m] Reached target Timers.
[[0;32m  OK  [0m] Reached target Cloud-config availability.
[[0;32m  OK  [0m] Reached target Network is Online.
[   10.558668] cloud-init[966]: |      + * =oO B  |
[   10.573488] cloud-init[966]: |       = = + % o |
[   10.574992] cloud-init[966]: |      . S = = +  |
[   10.576394] cloud-init[966]: |       . = . o . |
[   10.577472] cloud-init[966]: |          . .    |
[   10.578581] cloud-init[966]: |                 |
[   10.579784] cloud-init[966]: |                 |
[   10.580868] cloud-init[966]: +----[SHA256]-----+
[   10.582225] cloud-init[966]: Generating public/private ecdsa key pair.
[   10.583639] cloud-init[966]: Your identification has been saved in /etc/ssh/ssh_host_ecdsa_key.
[   10.585565] cloud-init[966]: Your public key has been saved in /etc/ssh/ssh_host_ecdsa_key.pub.
[   10.587750] cloud-init[966]: The key fingerprint is:
         Starting iSCSI initiator daemon (iscsid)...
[   10.591125] [[0;32m  OK  [0m] Listening on Socket activation for snappy daemon.
[[0;32m  OK  [0m] Listening on LXD - unix socket.
cloud-init[966]: SHA256:QCzkDv2OhtKdwv+f59kf5fxthNamTXC4Alik+PHIpiQ root@ubuntu-xenial
[   10.596227] cloud-init[966]: The key's randomart image is:
[[0;32m  OK  [0m] Reached target Sockets.
[[0;32m  OK  [0m] Reached target Basic System.
         Starting Snappy daemon...
[   10.599883] cloud-init[[0;32m  OK  [0m] Started FUSE filesystem for LXC.
[[0;32m  OK  [0m] Started D-Bus System Message Bus.
[966]: +---[ECDSA 256]---+
[   10.604514] cloud-init[966]: |   ....  ..      |
[   10.606880] cloud-init[966]: |   o.... ..      |
[   10.614227] cloud-init[966]: |  . o.o oo     . |
[   10.618379] cloud-init[966]: |   o . +.+.   o .|
[   10.620918] cloud-init[966]: |    E o S ..   *.|
[   10.624710] cloud-init[966]: | o o * o    . ++=|
[   10.627731] cloud-init[966]: |. = = o      o.*o|
[   10.630525] cloud-init[966]: | . +     ..o  ..=|
[   10.632172] cloud-init[966]: |    ....ooo ....o|
[   10.633568] cloud-init[966]: +----[SHA256]-----+
[   10.635059] cloud-init[966]: Generating public/private ed25519 key pair.
[   10.636978] cloud-init[966]: Your identification has been saved in /etc/ssh/ssh_host_ed25519_key.
[   10.639205] cloud-init[966]: Your public key has been saved in /etc/ssh/ssh_host_ed25519_key.pub.
[   10.641437] cloud-init[966]: The key fingerprint is:
[   10.643216] cloud-init[966]: SHA256:+PSVCRQZo9VQOC7axUN4Kq7rQUBeTqxzIa+Lalg8+so root@ubuntu-xenial
[   10.645617] cloud-init[966]: The key's randomart image is:
[   10.647219] cloud-init[966]: +--[ED25519 256]--+
[   10.648687] cloud-init[966]: |  ..o    .BO.    |
[   10.650105] cloud-init[966]: | o.+o   .+*..    |
[   10.651682] cloud-init[966]: |  o+..  .*..     |
[   10.653466] cloud-init[966]: |  o.o ..o =. o   |
[   10.655232] cloud-init[966]: | . +...+So .+    |
[   10.657384] cloud-init[966]: |  =.  oo.. .     |
[   10.658731] cloud-init[966]: |.+ o..  . .      |
[   10.660428] cloud-init[966]: |=.. ..           |
[   10.661845] cloud-init[966]: |=E..o.           |
[   10.663496] cloud-init[966]: +----[SHA256]-----+
         Starting Pollinate to seed the pseudo random number generator...
         Starting /etc/rc.local Compatibility...
         Starting Virtualbox guest utils...
[[0;32m  OK  [0m] Started ACPI event daemon.
         Starting Login Service...
         Starting LSB: MD monitoring daemon...
         Starting System Logging Service...
[[0;32m  OK  [0m] Started Regular background program processing daemon.
[[0;32m  OK  [0m] Started Deferred execution scheduler.
         Starting LXD - container startup/shutdown...
         Starting Accounts Service...
         Starting LSB: Record successful boot for GRUB...
[[0;32m  OK  [0m] Started /etc/rc.local Compatibility.
[[0;32m  OK  [0m] Started iSCSI initiator daemon (iscsid).
[[0;32m  OK  [0m] Started System Logging Service.
         Starting Login to default iSCSI targets...
[[0;32m  OK  [0m] Started LSB: Record successful boot for GRUB.
[[0;32m  OK  [0m] Started Login Service.
[[0;32m  OK  [0m] Started Unattended Upgrades Shutdown.
[[0;32m  OK  [0m] Started LSB: MD monitoring daemon.
         Starting Authenticate and Authorize Users to Run Privileged Tasks...
[[0;32m  OK  [0m] Started Login to default iSCSI targets.
[[0;32m  OK  [0m] Reached target Remote File Systems (Pre).
[[0;32m  OK  [0m] Reached target Remote File Systems.
         Starting LSB: Set the CPU Frequency Scaling governor to "ondemand"...
         Starting Permit User Sessions...
         Starting LSB: daemon to balance interrupts for SMP systems...
         Starting LSB: automatic crash report generation...
[[0;32m  OK  [0m] Started Permit User Sessions.
[[0;32m  OK  [0m] Started Authenticate and Authorize Users to Run Privileged Tasks.
[[0;32m  OK  [0m] Started Accounts Service.
         Starting Terminate Plymouth Boot Screen...
         Starting Hold until boot process finishes up...
[[0;32m  OK  [0m] Started LSB: Set the CPU Frequency Scaling governor to "ondemand".
[[0;32m  OK  [0m] Started Hold until boot process finishes up.
[[0;32m  OK  [0m] Started Terminate Plymouth Boot Screen.
[[0;32m  OK  [0m] Started Virtualbox guest utils.
         Starting Set console scheme...
[[0;32m  OK  [0m] Started Serial Getty on ttyS0.
[[0;32m  OK  [0m] Started Getty on tty1.
[[0;32m  OK  [0m] Reached target Login Prompts.
[[0;32m  OK  [0m] Started LXD - container startup/shutdown.
[[0;32m  OK  [0m] Started LSB: daemon to balance interrupts for SMP systems.
[[0;32m  OK  [0m] Started Set console scheme.
[[0;32m  OK  [0m] Started LSB: automatic crash report generation.
[[0;32m  OK  [0m] Started Snappy daemon.
         Starting Wait until snapd is fully seeded...
[[0;32m  OK  [0m] Started Pollinate to seed the pseudo random number generator.
         Starting OpenBSD Secure Shell server...
[[0;32m  OK  [0m] Started OpenBSD Secure Shell server.
[[0;32m  OK  [0m] Created slice User Slice of vagrant.
         Starting User Manager for UID 1000...
[[0;32m  OK  [0m] Started Session 1 of user vagrant.
[[0;32m  OK  [0m] Started User Manager for UID 1000.
[[0;32m  OK  [0m] Started Wait until snapd is fully seeded.
         Starting Apply the settings specified in cloud-config...
[[0;32m  OK  [0m] Reached target Multi-User System.
[[0;32m  OK  [0m] Reached target Graphical Interface.
         Starting Update UTMP about System Runlevel Changes...
[[0;32m  OK  [0m] Started Update UTMP about System Runlevel Changes.
[   13.638501] cloud-init[1413]: Generating locales (this might take a while)...
[   15.048703] cloud-init[1413]:   en_US.UTF-8... done
[   15.050358] cloud-init[1413]: Generation complete.
[   15.534917] cloud-init[1413]: Cloud-init v. 19.1-1-gbaa47854-0ubuntu1~16.04.1 running 'modules:config' at Wed, 21 Aug 2019 10:29:46 +0000. Up 13.42 seconds.
[[0;32m  OK  [0m] Started Apply the settings specified in cloud-config.
         Starting Execute cloud user/final scripts...
ci-info: no authorized ssh keys fingerprints found for user ubuntu.
<14>Aug 21 10:29:49 ec2: 
<14>Aug 21 10:29:49 ec2: #############################################################
<14>Aug 21 10:29:49 ec2: -----BEGIN SSH HOST KEY FINGERPRINTS-----
<14>Aug 21 10:29:49 ec2: 1024 SHA256:A517TPEQjr8gUX980os1NIRmxDVwW4ah80OyuQErxAI root@ubuntu-xenial (DSA)
<14>Aug 21 10:29:49 ec2: 256 SHA256:QCzkDv2OhtKdwv+f59kf5fxthNamTXC4Alik+PHIpiQ root@ubuntu-xenial (ECDSA)
<14>Aug 21 10:29:49 ec2: 256 SHA256:+PSVCRQZo9VQOC7axUN4Kq7rQUBeTqxzIa+Lalg8+so root@ubuntu-xenial (ED25519)
<14>Aug 21 10:29:49 ec2: 2048 SHA256:OnuVPrgD2oJ8Jq2QjKM0gIVZirbdssa94s902OSqCZw root@ubuntu-xenial (RSA)
<14>Aug 21 10:29:49 ec2: -----END SSH HOST KEY FINGERPRINTS-----
<14>Aug 21 10:29:49 ec2: #############################################################
-----BEGIN SSH HOST KEY KEYS-----
ecdsa-sha2-nistp256 AAAAE2VjZHNhLXNoYTItbmlzdHAyNTYAAAAIbmlzdHAyNTYAAABBBKXGlY4/yA5suNocdwtV0ALwUguoLmUboeeZp+tAeMZo08GH26dQn+5zB9IoShr6dqLIgDfVCrggk0fhv3fGsgI= root@ubuntu-xenial
ssh-ed25519 AAAAC3NzaC1lZDI1NTE5AAAAIGQNXewonAzF/Gxh2ZtN7G5abusKT6t92mhaVnOQ3Io2 root@ubuntu-xenial
ssh-rsa AAAAB3NzaC1yc2EAAAADAQABAAABAQDMnHIYj5BzGFZDDLtKZ1f4PNP1yXmQ8HdW93ZYyr/5nyREvgra+hBpbS7chtdlXu4PAUDuXTTJf6me+pjjTvX/bL31l6N9bxzVVuMroojvGMr7i4y2ZZFyIDgzYn07YsFcku5VELI9aJ2J8y470rdHIxbzBbbgYbIjBYHwiQOUnyeQFdGxWtsL2XrGaWHnYOncflP+hphckLg2MCRY93FeQe8UADLYRt5t+1PmM6Z3d4ScZLAnPc8qkNf1/VjISe6yfzRKVqbSZPYyvo3x4GNVLLdv5yv/DLuZrnAeCgzUvziR/nGk1LXNvEjHCCF/I5Q36Qftj7INb1KTlW4WAAxx root@ubuntu-xenial
-----END SSH HOST KEY KEYS-----
[   16.573759] cloud-init[1564]: Cloud-init v. 19.1-1-gbaa47854-0ubuntu1~16.04.1 running 'modules:final' at Wed, 21 Aug 2019 10:29:48 +0000. Up 16.29 seconds.
[   16.577799] cloud-init[1564]: ci-info: no authorized ssh keys fingerprints found for user ubuntu.
[   16.580017] cloud-init[1564]: Cloud-init v. 19.1-1-gbaa47854-0ubuntu1~16.04.1 finished at Wed, 21 Aug 2019 10:29:49 +0000. Datasource DataSourceNoCloud [seed=/dev/sdb][dsmode=net].  Up 16.55 seconds

Ubuntu 16.04.6 LTS ubuntu-xenial ttyS0

ubuntu-xenial login: 